-------------------------------------------------------------------------------
>Log Session: Tuesday, October 10, 2017 11:46:58 AM CEST
>System Info: 
  Product Version         = NetBeans IDE 8.2 (Build 201609300101) (#5fd841261bf9)
  Operating System        = Windows 10 version 10.0 running on amd64
  Java; VM; Vendor        = 1.8.0_144; Java HotSpot(TM) 64-Bit Server VM 25.144-b01; Oracle Corporation
  Runtime                 = Java(TM) SE Runtime Environment 1.8.0_144-b01
  Java Home               = C:\Program Files\Java\jdk1.8.0_144\jre
  System Locale; Encoding = en_US (nb); Cp1252
  Home Directory          = C:\Users\snorr
  Current Directory       = C:\Program Files\NetBeans 8.2
  User Directory          = C:\Users\snorr\java
  Cache Directory         = C:\Program Files\NetBeans 8.2\${DEFAULT_USERDIR_ROOT}\8.2
  Installation            = C:\Program Files\NetBeans 8.2\nb
                            C:\Program Files\NetBeans 8.2\ide
                            C:\Program Files\NetBeans 8.2\extide
                            C:\Program Files\NetBeans 8.2\java
                            C:\Program Files\NetBeans 8.2\apisupport
                            C:\Program Files\NetBeans 8.2\webcommon
                            C:\Program Files\NetBeans 8.2\websvccommon
                            C:\Program Files\NetBeans 8.2\enterprise
                            C:\Program Files\NetBeans 8.2\profiler
                            C:\Program Files\NetBeans 8.2\harness
                            C:\Program Files\NetBeans 8.2\javafx
                            C:\Program Files\NetBeans 8.2\platform
  Boot & Ext. Classpath   = C:\Program Files\Java\jdk1.8.0_144\jre\lib\resources.jar;C:\Program Files\Java\jdk1.8.0_144\jre\lib\rt.jar;C:\Program Files\Java\jdk1.8.0_144\jre\lib\sunrsasign.jar;C:\Program Files\Java\jdk1.8.0_144\jre\lib\jsse.jar;C:\Program Files\Java\jdk1.8.0_144\jre\lib\jce.jar;C:\Program Files\Java\jdk1.8.0_144\jre\lib\charsets.jar;C:\Program Files\Java\jdk1.8.0_144\jre\lib\jfr.jar;C:\Program Files\Java\jdk1.8.0_144\jre\classes;C:\Program Files\Java\jdk1.8.0_144\jre\lib\ext\access-bridge-64.jar;C:\Program Files\Java\jdk1.8.0_144\jre\lib\ext\cldrdata.jar;C:\Program Files\Java\jdk1.8.0_144\jre\lib\ext\dnsns.jar;C:\Program Files\Java\jdk1.8.0_144\jre\lib\ext\jaccess.jar;C:\Program Files\Java\jdk1.8.0_144\jre\lib\ext\jfxrt.jar;C:\Program Files\Java\jdk1.8.0_144\jre\lib\ext\localedata.jar;C:\Program Files\Java\jdk1.8.0_144\jre\lib\ext\nashorn.jar;C:\Program Files\Java\jdk1.8.0_144\jre\lib\ext\sunec.jar;C:\Program Files\Java\jdk1.8.0_144\jre\lib\ext\sunjce_provider.jar;C:\Program Files\Java\jdk1.8.0_144\jre\lib\ext\sunmscapi.jar;C:\Program Files\Java\jdk1.8.0_144\jre\lib\ext\sunpkcs11.jar;C:\Program Files\Java\jdk1.8.0_144\jre\lib\ext\zipfs.jar
  Application Classpath   = C:\Program Files\NetBeans 8.2\platform\lib\boot.jar;C:\Program Files\NetBeans 8.2\platform\lib\org-openide-modules.jar;C:\Program Files\NetBeans 8.2\platform\lib\org-openide-util-lookup.jar;C:\Program Files\NetBeans 8.2\platform\lib\org-openide-util-ui.jar;C:\Program Files\NetBeans 8.2\platform\lib\org-openide-util.jar;C:\Program Files\NetBeans 8.2\platform\lib\locale\boot_ja.jar;C:\Program Files\NetBeans 8.2\platform\lib\locale\boot_pt_BR.jar;C:\Program Files\NetBeans 8.2\platform\lib\locale\boot_ru.jar;C:\Program Files\NetBeans 8.2\platform\lib\locale\boot_zh_CN.jar;C:\Program Files\NetBeans 8.2\platform\lib\locale\org-openide-modules_ja.jar;C:\Program Files\NetBeans 8.2\platform\lib\locale\org-openide-modules_pt_BR.jar;C:\Program Files\NetBeans 8.2\platform\lib\locale\org-openide-modules_ru.jar;C:\Program Files\NetBeans 8.2\platform\lib\locale\org-openide-modules_zh_CN.jar;C:\Program Files\NetBeans 8.2\platform\lib\locale\org-openide-util-lookup_ja.jar;C:\Program Files\NetBeans 8.2\platform\lib\locale\org-openide-util-lookup_pt_BR.jar;C:\Program Files\NetBeans 8.2\platform\lib\locale\org-openide-util-lookup_ru.jar;C:\Program Files\NetBeans 8.2\platform\lib\locale\org-openide-util-lookup_zh_CN.jar;C:\Program Files\NetBeans 8.2\platform\lib\locale\org-openide-util-ui_ja.jar;C:\Program Files\NetBeans 8.2\platform\lib\locale\org-openide-util-ui_pt_BR.jar;C:\Program Files\NetBeans 8.2\platform\lib\locale\org-openide-util-ui_ru.jar;C:\Program Files\NetBeans 8.2\platform\lib\locale\org-openide-util-ui_zh_CN.jar;C:\Program Files\NetBeans 8.2\platform\lib\locale\org-openide-util_ja.jar;C:\Program Files\NetBeans 8.2\platform\lib\locale\org-openide-util_pt_BR.jar;C:\Program Files\NetBeans 8.2\platform\lib\locale\org-openide-util_ru.jar;C:\Program Files\NetBeans 8.2\platform\lib\locale\org-openide-util_zh_CN.jar;C:\Program Files\Java\jdk1.8.0_144\lib\dt.jar;C:\Program Files\Java\jdk1.8.0_144\lib\tools.jar
  Startup Classpath       = C:\Program Files\NetBeans 8.2\platform\core\asm-all-5.0.1.jar;C:\Program Files\NetBeans 8.2\platform\core\core-base.jar;C:\Program Files\NetBeans 8.2\platform\core\core.jar;C:\Program Files\NetBeans 8.2\platform\core\org-netbeans-libs-asm.jar;C:\Program Files\NetBeans 8.2\platform\core\org-openide-filesystems-compat8.jar;C:\Program Files\NetBeans 8.2\platform\core\org-openide-filesystems.jar;C:\Program Files\NetBeans 8.2\platform\core\locale\core-base_ja.jar;C:\Program Files\NetBeans 8.2\platform\core\locale\core-base_pt_BR.jar;C:\Program Files\NetBeans 8.2\platform\core\locale\core-base_ru.jar;C:\Program Files\NetBeans 8.2\platform\core\locale\core-base_zh_CN.jar;C:\Program Files\NetBeans 8.2\platform\core\locale\core_ja.jar;C:\Program Files\NetBeans 8.2\platform\core\locale\core_pt_BR.jar;C:\Program Files\NetBeans 8.2\platform\core\locale\core_ru.jar;C:\Program Files\NetBeans 8.2\platform\core\locale\core_zh_CN.jar;C:\Program Files\NetBeans 8.2\platform\core\locale\org-netbeans-libs-asm_ja.jar;C:\Program Files\NetBeans 8.2\platform\core\locale\org-netbeans-libs-asm_pt_BR.jar;C:\Program Files\NetBeans 8.2\platform\core\locale\org-netbeans-libs-asm_ru.jar;C:\Program Files\NetBeans 8.2\platform\core\locale\org-netbeans-libs-asm_zh_CN.jar;C:\Program Files\NetBeans 8.2\platform\core\locale\org-openide-filesystems-compat8_ja.jar;C:\Program Files\NetBeans 8.2\platform\core\locale\org-openide-filesystems-compat8_pt_BR.jar;C:\Program Files\NetBeans 8.2\platform\core\locale\org-openide-filesystems-compat8_ru.jar;C:\Program Files\NetBeans 8.2\platform\core\locale\org-openide-filesystems-compat8_zh_CN.jar;C:\Program Files\NetBeans 8.2\platform\core\locale\org-openide-filesystems_ja.jar;C:\Program Files\NetBeans 8.2\platform\core\locale\org-openide-filesystems_pt_BR.jar;C:\Program Files\NetBeans 8.2\platform\core\locale\org-openide-filesystems_ru.jar;C:\Program Files\NetBeans 8.2\platform\core\locale\org-openide-filesystems_zh_CN.jar;C:\Program Files\NetBeans 8.2\nb\core\org-netbeans-upgrader.jar;C:\Program Files\NetBeans 8.2\nb\core\locale\core_nb.jar;C:\Program Files\NetBeans 8.2\nb\core\locale\core_nb_ja.jar;C:\Program Files\NetBeans 8.2\nb\core\locale\core_nb_pt_BR.jar;C:\Program Files\NetBeans 8.2\nb\core\locale\core_nb_ru.jar;C:\Program Files\NetBeans 8.2\nb\core\locale\core_nb_zh_CN.jar;C:\Program Files\NetBeans 8.2\nb\core\locale\org-netbeans-upgrader_ja.jar;C:\Program Files\NetBeans 8.2\nb\core\locale\org-netbeans-upgrader_pt_BR.jar;C:\Program Files\NetBeans 8.2\nb\core\locale\org-netbeans-upgrader_ru.jar;C:\Program Files\NetBeans 8.2\nb\core\locale\org-netbeans-upgrader_zh_CN.jar
-------------------------------------------------------------------------------
WARNING [org.openide.modules.Places]: could not create C:\Program Files\NetBeans 8.2\${DEFAULT_USERDIR_ROOT}\8.2\netigso
WARNING [null]: Last record repeated again.
INFO [org.netbeans.modules.netbinox]: Install area set to file:/C:/Program Files/NetBeans 8.2/
!SESSION 2017-10-10 11:47:02.290 -----------------------------------------------
eclipse.buildId=unknown
java.version=1.8.0_144
java.vendor=Oracle Corporation
BootLoader constants: OS=win32, ARCH=x86_64, WS=win32, NL=en_US

!ENTRY org.eclipse.osgi 4 0 2017-10-10 11:47:02.291
!MESSAGE Error reading configuration: Unable to create lock manager.
!STACK 0
java.io.IOException: Unable to create lock manager.
	at org.eclipse.osgi.storagemanager.StorageManager.open(StorageManager.java:699)
	at org.eclipse.osgi.internal.baseadaptor.BaseStorage.initFileManager(BaseStorage.java:226)
	at org.eclipse.osgi.internal.baseadaptor.BaseStorage.initialize(BaseStorage.java:160)
	at org.eclipse.osgi.baseadaptor.BaseAdaptor.initializeStorage(BaseAdaptor.java:123)
	at org.eclipse.osgi.framework.internal.core.Framework.<init>(Framework.java:192)
	at org.eclipse.osgi.framework.internal.core.EquinoxLauncher.internalInit(EquinoxLauncher.java:67)
	at org.eclipse.osgi.framework.internal.core.EquinoxLauncher.init(EquinoxLauncher.java:37)
	at org.eclipse.osgi.launch.Equinox.init(Equinox.java:178)
	at org.netbeans.modules.netbinox.Netbinox.init(Netbinox.java:84)
	at org.netbeans.core.netigso.Netigso.prepare(Netigso.java:167)
	at org.netbeans.NetigsoHandle.turnOn(NetigsoHandle.java:138)
	at org.netbeans.ModuleManager.enable(ModuleManager.java:1353)
	at org.netbeans.ModuleManager.enable(ModuleManager.java:1170)
	at org.netbeans.core.startup.ModuleList.installNew(ModuleList.java:340)
	at org.netbeans.core.startup.ModuleList.trigger(ModuleList.java:276)
	at org.netbeans.core.startup.ModuleSystem.restore(ModuleSystem.java:301)
	at org.netbeans.core.startup.Main.getModuleSystem(Main.java:181)
	at org.netbeans.core.startup.Main.getModuleSystem(Main.java:150)
	at org.netbeans.core.startup.Main.start(Main.java:307)
	at org.netbeans.core.startup.TopThreadGroup.run(TopThreadGroup.java:123)
	at java.lang.Thread.run(Thread.java:748)
java.lang.RuntimeException: Unable to create lock manager.
	at org.eclipse.osgi.framework.internal.core.Framework.<init>(Framework.java:194)
	at org.eclipse.osgi.framework.internal.core.EquinoxLauncher.internalInit(EquinoxLauncher.java:67)
	at org.eclipse.osgi.framework.internal.core.EquinoxLauncher.init(EquinoxLauncher.java:37)
	at org.eclipse.osgi.launch.Equinox.init(Equinox.java:178)
	at org.netbeans.modules.netbinox.Netbinox.init(Netbinox.java:84)
	at org.netbeans.core.netigso.Netigso.prepare(Netigso.java:167)
	at org.netbeans.NetigsoHandle.turnOn(NetigsoHandle.java:138)
	at org.netbeans.ModuleManager.enable(ModuleManager.java:1353)
	at org.netbeans.ModuleManager.enable(ModuleManager.java:1170)
	at org.netbeans.core.startup.ModuleList.installNew(ModuleList.java:340)
	at org.netbeans.core.startup.ModuleList.trigger(ModuleList.java:276)
	at org.netbeans.core.startup.ModuleSystem.restore(ModuleSystem.java:301)
	at org.netbeans.core.startup.Main.getModuleSystem(Main.java:181)
	at org.netbeans.core.startup.Main.getModuleSystem(Main.java:150)
	at org.netbeans.core.startup.Main.start(Main.java:307)
	at org.netbeans.core.startup.TopThreadGroup.run(TopThreadGroup.java:123)
	at java.lang.Thread.run(Thread.java:748)
Caused by: java.io.IOException: Unable to create lock manager.
	at org.eclipse.osgi.storagemanager.StorageManager.open(StorageManager.java:699)
	at org.eclipse.osgi.internal.baseadaptor.BaseStorage.initFileManager(BaseStorage.java:226)
	at org.eclipse.osgi.internal.baseadaptor.BaseStorage.initialize(BaseStorage.java:160)
	at org.eclipse.osgi.baseadaptor.BaseAdaptor.initializeStorage(BaseAdaptor.java:123)
	at org.eclipse.osgi.framework.internal.core.Framework.<init>(Framework.java:192)
	... 16 more
